<?xml version="1.0" encoding="UTF-8"?>
<robot generator="Robot 5.0.1 (Python 3.8.10 on linux)" generated="20220923 09:37:59.006" rpa="false" schemaversion="3">
<suite id="s1" name="Tc Task" source="/home/nurul/QA/RF/tc_task.robot">
<test id="s1-t1" name="Login to Deriv" line="11">
<kw name="Open Browser" library="SeleniumLibrary">
<arg>https://app.deriv.com/</arg>
<arg>Chrome</arg>
<doc>Opens a new browser instance to the optional ``url``.</doc>
<msg timestamp="20220923 09:37:59.104" level="INFO">Opening browser 'Chrome' to base url 'https://app.deriv.com/'.</msg>
<status status="PASS" starttime="20220923 09:37:59.103" endtime="20220923 09:38:03.649"/>
</kw>
<kw name="Maximize Browser Window" library="SeleniumLibrary">
<doc>Maximizes current browser window.</doc>
<status status="PASS" starttime="20220923 09:38:03.650" endtime="20220923 09:38:03.796"/>
</kw>
<kw name="Wait Until Page Contains Element" library="SeleniumLibrary">
<arg>//div[@class='btn-purchase__text_wrapper' and contains(.,'Rise')]</arg>
<arg>30</arg>
<doc>Waits until the element ``locator`` appears on the current page.</doc>
<status status="PASS" starttime="20220923 09:38:03.796" endtime="20220923 09:38:05.476"/>
</kw>
<kw name="Click Element" library="SeleniumLibrary">
<arg>${login_button}</arg>
<doc>Click the element identified by ``locator``.</doc>
<msg timestamp="20220923 09:38:05.477" level="INFO">Clicking element '//button[@id='dt_login_button']'.</msg>
<status status="PASS" starttime="20220923 09:38:05.477" endtime="20220923 09:38:08.061"/>
</kw>
<kw name="Wait Until Page Contains Element" library="SeleniumLibrary">
<arg>${login_email}</arg>
<arg>10</arg>
<doc>Waits until the element ``locator`` appears on the current page.</doc>
<status status="PASS" starttime="20220923 09:38:08.061" endtime="20220923 09:38:08.076"/>
</kw>
<kw name="Input Text" library="SeleniumLibrary">
<arg>${login_email}</arg>
<arg>nurul.syafiqah+555@besquare.com.my</arg>
<doc>Types the given ``text`` into the text field identified by ``locator``.</doc>
<msg timestamp="20220923 09:38:08.076" level="INFO">Typing text 'nurul.syafiqah+555@besquare.com.my' into text field '//input[@type='email']'.</msg>
<status status="PASS" starttime="20220923 09:38:08.076" endtime="20220923 09:38:08.131"/>
</kw>
<kw name="Input Text" library="SeleniumLibrary">
<arg>${login_password}</arg>
<arg>abcdE123^^*</arg>
<doc>Types the given ``text`` into the text field identified by ``locator``.</doc>
<msg timestamp="20220923 09:38:08.131" level="INFO">Typing text 'abcdE123^^*' into text field '//input[@type='password']'.</msg>
<status status="PASS" starttime="20220923 09:38:08.131" endtime="20220923 09:38:08.184"/>
</kw>
<kw name="Click Element" library="SeleniumLibrary">
<arg>${submit_button}</arg>
<doc>Click the element identified by ``locator``.</doc>
<msg timestamp="20220923 09:38:08.184" level="INFO">Clicking element '//button[@type='submit']'.</msg>
<status status="PASS" starttime="20220923 09:38:08.184" endtime="20220923 09:38:10.617"/>
</kw>
<kw name="Wait Until Page Contains Element" library="SeleniumLibrary">
<arg>dt_core_account-info_acc-info</arg>
<arg>30</arg>
<doc>Waits until the element ``locator`` appears on the current page.</doc>
<status status="PASS" starttime="20220923 09:38:10.617" endtime="20220923 09:38:11.159"/>
</kw>
<status status="PASS" starttime="20220923 09:37:59.103" endtime="20220923 09:38:11.159"/>
</test>
<test id="s1-t2" name="Check Real/Virtual Account" line="22">
<kw name="Wait Until Page Does Not Contain" library="SeleniumLibrary">
<arg>//*[@aria-label='Loading interface...']</arg>
<doc>Waits until ``text`` disappears from the current page.</doc>
<status status="PASS" starttime="20220923 09:38:11.161" endtime="20220923 09:38:11.174"/>
</kw>
<kw name="Click Element At Coordinates" library="SeleniumLibrary">
<arg>//div[@id='dt_core_account-info_acc-info']</arg>
<arg>10</arg>
<arg>20</arg>
<doc>Click the element ``locator`` at ``xoffset/yoffset``.</doc>
<msg timestamp="20220923 09:38:11.175" level="INFO">Clicking element '//div[@id='dt_core_account-info_acc-info']' at coordinates x=10, y=20.</msg>
<status status="PASS" starttime="20220923 09:38:11.175" endtime="20220923 09:38:11.811"/>
</kw>
<kw name="Wait Until Page Contains Element" library="SeleniumLibrary">
<arg>//li[@id='dt_core_account-switcher_demo-tab']</arg>
<arg>200</arg>
<doc>Waits until the element ``locator`` appears on the current page.</doc>
<msg timestamp="20220923 09:41:32.283" level="INFO" html="true">&lt;/td&gt;&lt;/tr&gt;&lt;tr&gt;&lt;td colspan="3"&gt;&lt;a href="selenium-screenshot-10.png"&gt;&lt;img src="selenium-screenshot-10.png" width="800px"&gt;&lt;/a&gt;</msg>
<msg timestamp="20220923 09:41:32.284" level="FAIL">Element '//li[@id='dt_core_account-switcher_demo-tab']' did not appear in 3 minutes 20 seconds.</msg>
<status status="FAIL" starttime="20220923 09:38:11.811" endtime="20220923 09:41:32.285"/>
</kw>
<kw name="Click Element" library="SeleniumLibrary">
<arg>//li[@id='real_account_tab']</arg>
<doc>Click the element identified by ``locator``.</doc>
<status status="NOT RUN" starttime="20220923 09:41:32.285" endtime="20220923 09:41:32.285"/>
</kw>
<kw name="Click Element" library="SeleniumLibrary">
<arg>//li[@id='dt_core_account-switcher_demo-tab']</arg>
<doc>Click the element identified by ``locator``.</doc>
<status status="NOT RUN" starttime="20220923 09:41:32.286" endtime="20220923 09:41:32.286"/>
</kw>
<kw name="Click Element" library="SeleniumLibrary">
<arg>//div[@id='dt_VRTC6756754']</arg>
<doc>Click the element identified by ``locator``.</doc>
<status status="NOT RUN" starttime="20220923 09:41:32.286" endtime="20220923 09:41:32.286"/>
</kw>
<status status="FAIL" starttime="20220923 09:38:11.160" endtime="20220923 09:41:32.286">Element '//li[@id='dt_core_account-switcher_demo-tab']' did not appear in 3 minutes 20 seconds.</status>
</test>
<status status="FAIL" starttime="20220923 09:37:59.006" endtime="20220923 09:41:32.287"/>
</suite>
<statistics>
<total>
<stat pass="1" fail="1" skip="0">All Tests</stat>
</total>
<tag>
</tag>
<suite>
<stat pass="1" fail="1" skip="0" id="s1" name="Tc Task">Tc Task</stat>
</suite>
</statistics>
<errors>
</errors>
</robot>
